c:\users\permetris\desktop\oop vjezbe\vjezba9\zadatak2\debug\vc142.pdb
c:\users\permetris\desktop\oop vjezbe\vjezba9\zadatak2\debug\vc142.idb
c:\users\permetris\desktop\oop vjezbe\vjezba9\zadatak2\debug\main.obj
c:\users\permetris\desktop\oop vjezbe\vjezba9\zadatak2\debug\tarantula.obj
c:\users\permetris\desktop\oop vjezbe\vjezba9\zadatak2\debug\spider.obj
c:\users\permetris\desktop\oop vjezbe\vjezba9\zadatak2\debug\mosquito.obj
c:\users\permetris\desktop\oop vjezbe\vjezba9\zadatak2\debug\insect.obj
c:\users\permetris\desktop\oop vjezbe\vjezba9\zadatak2\debug\fly.obj
c:\users\permetris\desktop\oop vjezbe\vjezba9\zadatak2\debug\counter.obj
c:\users\permetris\desktop\oop vjezbe\vjezba9\zadatak2\debug\blackwidow.obj
c:\users\permetris\desktop\oop vjezbe\vjezba9\zadatak2\debug\bird.obj
c:\users\permetris\desktop\oop vjezbe\vjezba9\zadatak2\debug\seagull.obj
c:\users\permetris\desktop\oop vjezbe\vjezba9\zadatak2\debug\pidgeon.obj
c:\users\permetris\desktop\oop vjezbe\vjezba9\zadatak2\debug\animal.obj
c:\users\permetris\desktop\oop vjezbe\vjezba9\debug\zadatak2.pdb
c:\users\permetris\desktop\oop vjezbe\vjezba9\zadatak2\debug\zadatak2.tlog\cl.command.1.tlog
c:\users\permetris\desktop\oop vjezbe\vjezba9\zadatak2\debug\zadatak2.tlog\cl.read.1.tlog
c:\users\permetris\desktop\oop vjezbe\vjezba9\zadatak2\debug\zadatak2.tlog\cl.write.1.tlog
c:\users\permetris\desktop\oop vjezbe\vjezba9\zadatak2\debug\zadatak2.tlog\link-cvtres.read.1.tlog
c:\users\permetris\desktop\oop vjezbe\vjezba9\zadatak2\debug\zadatak2.tlog\link-cvtres.write.1.tlog
c:\users\permetris\desktop\oop vjezbe\vjezba9\zadatak2\debug\zadatak2.tlog\link-rc.read.1.tlog
c:\users\permetris\desktop\oop vjezbe\vjezba9\zadatak2\debug\zadatak2.tlog\link-rc.write.1.tlog
c:\users\permetris\desktop\oop vjezbe\vjezba9\zadatak2\debug\zadatak2.tlog\link.18152-cvtres.read.1.tlog
c:\users\permetris\desktop\oop vjezbe\vjezba9\zadatak2\debug\zadatak2.tlog\link.18152-cvtres.write.1.tlog
c:\users\permetris\desktop\oop vjezbe\vjezba9\zadatak2\debug\zadatak2.tlog\link.18152-rc.read.1.tlog
c:\users\permetris\desktop\oop vjezbe\vjezba9\zadatak2\debug\zadatak2.tlog\link.18152-rc.write.1.tlog
c:\users\permetris\desktop\oop vjezbe\vjezba9\zadatak2\debug\zadatak2.tlog\link.18152.read.1.tlog
c:\users\permetris\desktop\oop vjezbe\vjezba9\zadatak2\debug\zadatak2.tlog\link.18152.write.1.tlog
c:\users\permetris\desktop\oop vjezbe\vjezba9\zadatak2\debug\zadatak2.tlog\link.command.1.tlog
c:\users\permetris\desktop\oop vjezbe\vjezba9\zadatak2\debug\zadatak2.tlog\link.read.1.tlog
c:\users\permetris\desktop\oop vjezbe\vjezba9\zadatak2\debug\zadatak2.tlog\link.write.1.tlog
